12asA0
16pkA0
16vpA0
1a0tP0
1a2zA0
1a8rA0
1ahsA0
1aihA0
1aisB0
1am9A0
1aocA0
1aolA0
1at0A0
1au1A0
1b33N0
1b35A0
1b35B0
1b3tA0
1b67A0
1b77A0
1b9wA0
1bd3A0
1bgfA0
1bndA0
1bouA0
1bx7A0
1bxyA0
1byrA0
1c0pA0
1c1kA0
1c5eA0
1c8zA0
1cbfA0
1cbkA0
1cfzA0
1cjcA0
1cl8A0
1cmcA0
1cq3A0
1cseI0
1cshA0
1cxzB0
1d02A0
1d2pA0
1d2zA0
1d2zB0
1d9cA0
1dbfA0
1dcqA0
1ddzA0
1dfmA0
1dfuP0
1dhnA0
1di2A0
1dj0A0
1dj8A0
1dm9A0
1dmhA0
1dmuA0
1dp4A0
1dq3A0
1dqnA0
1dtdB0
1dvkA0
1dvoA0
1dwkA0
1dx5I0
1dzfA0
1e0bA0
1eaiC0
1eaqA0
1eayC0
1ecmA0
1ecsA0
1ed1A0
1edyA0
1eerA0
1efuD0
1ei7A0
1ejbA0
1ejfA0
1ek9A0
1el6A0
1em2A0
1em9A0
1eteA0
1evsA0
1ewfA0
1ezgA0
1f08A0
1f0kA0
1f1eA0
1f2dA0
1f32A0
1f35A0
1f3mA0
1f3uA0
1f3vA0
1f46A0
1f5qB0
1f60B0
1f94A0
1fasA0
1fc3A0
1feuA0
1fi4A0
1fiuA0
1fjrA0
1fkmA0
1fn9A0
1fp3A0
1fpzA0
1fr3A0
1fsgA0
1ft5A0
1fx3A0
1fxkC0
1fzvA0
1g31A0
1g5zA0
1g61A0
1g6gA0
1g8eA0
1g8lA0
1gakA0
1gd8A0
1gflB0
1gl4A0
1gmuA0
1gotG0
1gprA0
1gqaA0
1gqeA0
1gs9A0
1gsaA0
1gu9A0
1guqA0
1gxmA0
1gxyA0
1gyxA0
1gzsB0
1h12A0
1h21A0
1h2sB0
1h3oB0
1h6fA0
1h6gA0
1h70A0
1h7cA0
1h9mA0
1hbnB0
1hc9A0
1hcuA0
1he1A0
1hfeS0
1hi9A0
1hipA0
1hlqA0
1hq0A0
1hr6A0
1hufA0
1hulA0
1husA0
1huwA0
1hw7A0
1hwtC0
1hx6A0
1hy5A0
1hyoA0
1hz6A0
1hzfA0
1i1rB0
1i3jA0
1i7nA0
1i8nA0
1iapA0
1icfI0
1ig0A0
1ijxA0
1in0A0
1inpA0
1io1A0
1is1A0
1isuA0
1iujA0
1iwpB0
1iwpG0
1izmA0
1j1vA0
1j24A0
1j27A0
1j3eA0
1j3wA0
1j5uA0
1j6wA0
1j8rA0
1j8uA0
1jb0D0
1jb0F0
1jb0L0
1jb3A0
1jdwA0
1jh6A0
1jhsA0
1jidA0
1jiwI0
1jixA0
1jniA0
1jofA0
1jogA0
1jr2A0
1jsgA0
1jx6A0
1jyaA0
1jyoA0
1jyoE0
1k04A0
1k0iA0
1k20A0
1k4zA0
1k8kD0
1k8kF0
1ka1A0
1kaeA0
1kafA0
1kcmA0
1khxA0
1kjnA0
1kloA0
1knvA0
1knyA0
1kp6A0
1kptA0
1kqfC0
1kr4A0
1krcA0
1kv0A0
1kx5A0
1kxgA0
1kxpD0
1kzqA0
1kzyC0
1l1sA0
1l3pA0
1l5xA0
1l8rA0
1l8wA0
1l9lA0
1lbaA0
1lbuA0
1ldfA0
1lfpA0
1lghA0
1lgpA0
1lisA0
1lkiA0
1llnA0
1lmb30
1lmiA0
1ln1A0
1lngA0
1lpbA0
1lq9A0
1lr0A0
1lrwB0
1lshB0
1lslA0
1lwbA0
1lxjA0
1m0dA0
1m1hA0
1m55A0
1m5hA0
1m8nA0
1m8rA0
1m9zA0
1mbyA0
1mgrA0
1mgtA0
1mhyG0
1mkfA0
1mmsA0
1mn3A0
1mn8A0
1mp9A0
1mpgA0
1mrrB0
1mscA0
1mtyB0
1mvhA0
1mw5A0
1mwqA0
1n12A0
1n2fA0
1n2mC0
1n52B0
1n6jA0
1n7zA0
1n81A0
1n8vA0
1nbwB0
1nc7A0
1nd7A0
1nfvA0
1ng6A0
1nh1A0
1nj1A0
1nkpA0
1nkzA0
1nlqA0
1nmuB0
1nnwA0
1no1A0
1no5A0
1npbA0
1nrwA0
1nu7D0
1nuyA0
1nvpD0
1nw1A0
1nycA0
1nz0A0
1o0wA0
1o20A0
1o22A0
1o3xA0
1o4vA0
1o4wA0
1o9yA0
1oa8A0
1oaiA0
1ocyA0
1ofzA0
1ojhA0
1okcA0
1olpA0
1oo0A0
1oohA0
1oqjA0
1or7C0
1orsC0
1oruA0
1osyA0
1otkA0
1ovoA0
1ow4A0
1oygA0
1p35A0
1p5dX0
1p5vB0
1p9yA0
1pbyB0
1pc6A0
1pcfA0
1pdkB0
1pf5A0
1pgxA0
1pieA0
1pjuA0
1plqA0
1pocA0
1pprM0
1pqhA0
1pugA0
1pv5A0
1pytA0
1pzwA0
1q08A0
1q23A0
1q25A0
1q5zA0
1q7fA0
1q8bA0
1q9uA0
1qahA0
1qazA0
1qb7A0
1qexA0
1qh4A0
1qhdA0
1qkrA0
1qqp10
1qr0A0
1qrvA0
1qs0A0
1qs0B0
1qv9A0
1qveA0
1qw2A0
1qwyA0
1qwzA0
1qyiA0
1qzmA0
1r0dA0
1r12A0
1r1mA0
1r4vA0
1r7lA0
1r89A0
1r8hA0
1rcwA0
1regX0
1rfyA0
1rgxA0
1rh6A0
1rj8A0
1rkiA0
1rkuA0
1rm6B0
1ro7A0
1rp0A0
1rpoA0
1rqpA0
1rrvA0
1rutX0
1rxqA0
1rzhH0
1rzuA0
1s0pA0
1s12A0
1s1dA0
1s2oA0
1s2xA0
1s3lA0
1s4kA0
1s55A0
1s68A0
1s7iA0
1s7mA0
1s7zA0
1s98A0
1s9rA0
1sa3A0
1sbxA0
1scjB0
1sdiA0
1sedA0
1sgvA0
1sj7A0
1sk7A0
1sknP0
1skzA0
1snzA0
1sppB0
1sqwA0
1sr8A0
1ss4A0
1stmA0
1su1A0
1sumB0
1sx5A0
1sxrA0
1syxB0
1sz7A0
1szhA0
1t07A0
1t1jA0
1t4aA0
1t4wA0
1t61A0
1t6aA0
1t6t10
1t6uA0
1t71A0
1t8hA0
1tafA0
1tafB0
1tc5A0
1td6A0
1tigA0
1tjlA0
1tjoA0
1tl2A0
1tlqA0
1tnfA0
1to6A0
1tr0A0
1tr8A0
1ts9A0
1tt8A0
1tu1A0
1tuaA0
1tulA0
1tupC0
1tuvA0
1tuwA0
1twfC0
1twfF0
1twfJ0
1twfK0
1twuA0
1txoA0
1tz0A0
1u02A0
1u07A0
1u0sA0
1u0tA0
1u14A0
1u2mC0
1u5uA0
1u61A0
1u69A0
1u7kA0
1u7lA0
1u84A0
1u8vA0
1u9dA0
1ub4C0
1ucsA0
1ufbA0
1ugiA0
1uj8A0
1uoyA0
1uptB0
1urrA0
1usyA0
1ut1A0
1uteA0
1utgA0
1utyA0
1uujA0
1uunA0
1uw4A0
1ux5A0
1uxyA0
1uz3A0
1v1hA0
1v2zA0
1v30A0
1v33A0
1v5iB0
1v74A0
1v74B0
1v76A0
1v7mV0
1v9fA0
1vbwA0
1vchA0
1vctA0
1vdhA0
1vgjA0
1vhhA0
1vimA0
1vjqA0
1vjxA0
1vk1A0
1vkbA0
1vkwA0
1vlaA0
1vljA0
1vlpA0
1vlyA0
1vmdA0
1vmgA0
1vmjA0
1vmoA0
1vp7A0
1vp8A0
1vq0A0
1vq2A0
1vq3A0
1vqoE0
1vqoM0
1vqoO0
1vqoP0
1vqoS0
1vqoU0
1vqoV0
1vqoW0
1vqoX0
1vqoY0
1vqsA0
1vr7A0
1vr9A0
1vraB0
1vrmA0
1vsrA0
1vtz70
1vybA0
1vyiA0
1vykA0
1w18A0
1w53A0
1w61A0
1w66A0
1w78A0
1w8iA0
1w94A0
1w98B0
1wc2A0
1wchA0
1wcwA0
1wd5A0
1wdeA0
1wdjA0
1we1A0
1werA0
1whzA0
1wlgA0
1wmiA0
1wmiB0
1wnaA0
1wp5A0
1wpbA0
1wpuA0
1wq6A0
1wqjB0
1wr8A0
1wrdA0
1wruA0
1wscA0
1wteA0
1wu7A0
1wubA0
1wv3A0
1x31C0
1x3lA0
1x6iA0
1x6mA0
1x6zA0
1x7oA0
1x92A0
1x9iA0
1x9zA0
1xakA0
1xcrA0
1xdnA0
1xe0A0
1xfkA0
1xg2B0
1xhkA0
1xk5A0
1xknA0
1xkpB0
1xkpC0
1xl3C0
1xo0A0
1xpjA0
1xppA0
1xqiA0
1xqoA0
1xs0A0
1xs1A0
1xszA0
1xtyA0
1xuvA0
1xv5A0
1xviA0
1xw3A0
1xxaA0
1xxqA0
1xyiA0
1y0bA0
1y0hA0
1y0kA0
1y2iA0
1y2tA0
1y44A0
1y60A0
1y6xA0
1y8aA0
1y8qA0
1y8xB0
1y9bA0
1ya5T0
1yarA0
1yb0A0
1yb3A0
1ydlA0
1ydxA0
1yf2A0
1yfnA0
1yfqA0
1ygtA0
1yhmA0
1ylmA0
1ylqA0
1ylxA0
1ypyA0
1yq5A0
1yqhA0
1yu0A0
1yu5X0
1ywfA0
1ywmA0
1yz1A0
1yz7A0
1yzyA0
1z0jB0
1z0kB0
1z1yA0
1z2nX0
1z6oA0
1z6uA0
1z7kB0
1z8uA0
1zavA0
1zd0A0
1zdyA0
1ze3H0
1zeeA0
1zhsA0
1zhvA0
1zhxA0
1zjcA0
1zkeA0
1zkpA0
1zlhB0
1zmeC0
1zpsA0
1zpvA0
1zpwX0
1zsoA0
1zswA0
1zt3A0
1ztcA0
1ztdA0
1zuoA0
1zv1A0
1zw0A0
1zx3A0
1zzkA0
2a06H0
2a1iA0
2a1vA0
2a22A0
2a2lA0
2a2mA0
2a40B0
2a4xA0
2a6cA0
2a6hA0
2a6hE0
2a6qA0
2a8eA0
2a9iA0
2a9uA0
2acvA0
2ae0X0
2aegA0
2aexA0
2af4C0
2afrA0
2ahmA0
2ahmE0
2ahnA0
2aibA0
2aj7A0
2ajrA0
2aneA0
2aorA0
2ap3A0
2aplA0
2apoB0
2aqxA0
2arpF0
2askA0
2atzA0
2auwA0
2axwA0
2axyA0
2aydA0
2azeA0
2azeB0
2b1yA0
2b2hA0
2b4hA0
2b4jC0
2b82A0
2b8iA0
2b9dA0
2bayA0
2bbdA0
2bbeA0
2bcgG0
2be3A0
2bh1X0
2bhwA0
2bjrA0
2bkyX0
2bl2A0
2bm5A0
2bopA0
2bsjA0
2bt9A0
2bvfA0
2bykA0
2bykB0
2c1lA0
2c3gA0
2c4wA0
2c5uA0
2ca5A0
2cc6A0
2cclB0
2ccqA0
2ccvA0
2ciwA0
2cklA0
2clbA0
2cmzA0
2croA0
2cs7A0
2cveA0
2cwqA0
2cwrA0
2cwyA0
2cxcA0
2cxhA0
2cxiA0
2cy3A0
2cyjA0
2cz4A0
2czrA0
2czsA0
2czvC0
2d00A0
2d0oB0
2d16A0
2d1cA0
2d1lA0
2d1pA0
2d48A0
2d4gA0
2d4rA0
2d4uA0
2d4xA0
2d51A0
2d7eA0
2d7vA0
2d8dA0
2db7A0
2ddzA0
2dg1A0
2dgbA0
2dlbA0
2dm9A0
2dp9A0
2dsyA0
2dtjA0
2dzdA0
2e2dC0
2e52A0
2e5yA0
2e6xA0
2e85A0
2e9xA0
2e9xB0
2ebeA0
2ebyA0
2eceA0
2ed6A0
2edmA0
2eenA0
2eeyA0
2efvA0
2ehbD0
2ehpA0
2ehwA0
2ei9A0
2ejnA0
2ejxA0
2ek0A0
2ek1A0
2endA0
2eo4A0
2eq5A0
2erwA0
2es9A0
2etsA0
2ev1A0
2ew0A0
2ewcA0
2ewtA0
2ex5A0
2f06A0
2f1nA0
2f20A0
2f22A0
2f4iA0
2f4mB0
2f5gA0
2f5tX0
2f60K0
2f62A0
2f6mA0
2f6mB0
2f9hA0
2fb0A0
2fb5A0
2fb6A0
2fc3A0
2fcjA0
2fclA0
2fcwA0
2fcwB0
2fdoA0
2fe1A0
2feaA0
2ffgA0
2ffmA0
2fhxA0
2fhzA0
2fhzB0
2fi0A0
2fi9A0
2fipA0
2fiuA0
2fj8A0
2fjrA0
2fkcA0
2fm8A0
2fp1A0
2fp3A0
2fp4B0
2fp8A0
2fphX0
2fqmA0
2fsqA0
2ftrA0
2ftxA0
2ftxB0
2fu2A0
2fueA0
2fygA0
2fyuI0
2fyuK0
2fywA0
2fz6A0
2fzpA0
2fztA0
2g18A0
2g3vA0
2g3wA0
2g45A0
2g5gX0
2g64A0
2g7cA0
2g7oA0
2g80A0
2g8lA0
2g8sA0
2g8yA0
2gagB0
2gaxA0
2gbbA0
2gboA0
2ge7A0
2gecA0
2gf3A0
2gf4A0
2gfgA0
2gfqA0
2gh0A0
2ghtA0
2ghvC0
2giaB0
2gibA0
2gj2A0
2gjvA0
2gk4A0
2glzA0
2gmyA0
2gomA0
2gpiA0
2gq0A0
2gr8A0
2grrB0
2gruA0
2gs4A0
2gs5A0
2gsoA0
2gsvA0
2gt1A0
2gudA0
2gukA0
2guzA0
2guzB0
2gviA0
2gwdA0
2gz4A0
2h1cA0
2h1eA0
2h1tA0
2h5nA0
2h7gX0
2h7zB0
2h8eA0
2h9uA0
2hc8A0
2hd0A0
2hd9A0
2hdzA0
2hewF0
2hfnA0
2hgsA0
2hh6A0
2hinA0
2hipA0
2hiqA0
2hkvA0
2hl7A0
2hlqA0
2hngA0
2hnuA0
2hp0A0
2hsbA0
2hu9A0
2hueC0
2huhA0
2hujA0
2hw2A0
2hx0A0
2hy5B0
2hy5C0
2hy7A0
2i06A0
2i39A0
2i44A0
2i4lA0
2i5uA0
2i5vO0
2i7hA0
2i7rA0
2i9dA0
2i9fA0
2i9iA0
2i9xA0
2ia7A0
2iayA0
2ib0A0
2ic6A0
2icgA0
2icwG0
2idlA0
2idoB0
2ifaA0
2ig8A0
2iidA0
2iieA0
2ijqA0
2ilkA0
2in0A0
2incB0
2inwA0
2iojA0
2ip6A0
2ipbA0
2isbA0
2itbA0
2iuyA0
2ivyA0
2iw1A0
2iwaA0
2ixmA0
2iybE0
2j0wA0
2j1nA0
2j3wA0
2j3xA0
2j43A0
2j58A0
2j5vA0
2j5yA0
2j6bA0
2j73A0
2j7aA0
2j7aC0
2j8bA0
2j9cA0
2j9wA0
2ja4A0
2jc9A0
2jdjA0
2jekA0
2jg6A0
2jkgA0
2jliA0
2nllB0
2nlvA0
2nmlA0
2nn4A0
2nn5A0
2nnuA0
2nqwA0
2nr9A0
2ns9A0
2nsaA0
2nscA0
2nteA0
2ntkA0
2nvnA0
2nw8A0
2nwiA0
2nx2A0
2nxpA0
2nz7A0
2nzcA0
2o0qA0
2o2xA0
2o34A0
2o38A0
2o3bB0
2o3gA0
2o4aA0
2o6kA0
2o70A0
2o71A0
2oaaA0
2ob5A0
2obdA0
2oc6A0
2od0A0
2od4A0
2od6A0
2odiA0
2odkA0
2oebA0
2ofyA0
2ogfA0
2oggA0
2ogiA0
2ohcA0
2ohwA0
2oitA0
2ojhA0
2okmA0
2okqA0
2okuA0
2oltA0
2omoA0
2onfA0
2oo2A0
2op5A0
2opcA0
2opeA0
2oqmA0
2os5A0
2ot3A0
2otaA0
2otmA0
2otnA0
2ou3A0
2ou6A0
2ouwA0
2ovgA0
2ovsA0
2owyA0
2ox6A0
2ox7A0
2oxlA0
2oxoA0
2oy9A0
2oyaA0
2oyyA0
2oz9R0
2oznB0
2p06A0
2p0bA0
2p0tA0
2p12A0
2p13A0
2p14A0
2p2eA0
2p38A0
2p3hA0
2p3pA0
2p3xA0
2p3yA0
2p4oA0
2p4zA0
2p62A0
2p64A0
2p6vA0
2p8iA0
2p8rA0
2p90A0
2p97A0
2p9xA0
2pa2A0
2pbdP0
2pbqA0
2pc6A0
2pd0A0
2pd1A0
2pfmA0
2pfxA0
2pgcA0
2ph0A0
2phnA0
2phpA0
2pieA0
2pihA0
2pijA0
2pjsA0
2pjuA0
2pk8A0
2pkhA0
2pliA0
2pn1A0
2pn2A0
2pnlA0
2po1B0
2pofA0
2porA0
2posA0
2ppvA0
2ppxA0
2pqcA0
2pr7A0
2prvA0
2ps5A0
2psmA0
2pspA0
2pstX0
2pt7G0
2pv4A0
2pwwA0
2py8A0
2pyqA0
2pywA0
2q03A0
2q0oC0
2q0tA0
2q14A0
2q2gA0
2q3qA0
2q3tA0
2q4qA0
2q4wA0
2q4xA0
2q52A0
2q5cA0
2q5wE0
2q6qA0
2q73A0
2q8oA0
2q8vA0
2q97T0
2qasA0
2qb7A0
2qc5A0
2qdlA0
2qe8A0
2qebA0
2qeuA0
2qffA0
2qg3A0
2qhfA0
2qhqA0
2qipA0
2qjyA0
2qklB0
2ql2B0
2ql8A0
2qlcA0
2qltA0
2qlwA0
2qm4A0
2qn6B0
2qndA0
2qnlA0
2qpvA0
2qpwA0
2qqyA0
2qqzA0
2qsaA0
2qsfX0
2qskA0
2qswA0
2qtsA0
2qudA0
2qyaA0
2qycA0
2qywA0
2qz7A0
2qzgA0
2qziA0
2r0yA0
2r18A0
2r1fA0
2r1jL0
2r4fA0
2r5uA0
2r60A0
2r6iA0
2r6uA0
2rbbA0
2rbdA0
2rckA0
2rd9A0
2rdcA0
2re3A0
2retA0
2rffA0
2rh0A0
2rh3A0
2rhkC0
2rjiA0
2rjzA0
2rk0A0
2rk5A0
2rklA0
2tgiA0
2uvpA0
2uw1A0
2uwjE0
2v3sA0
2v4xA0
2v7qH0
2v7sA0
2v8qA0
2v8qE0
2v8tA0
2vfkA0
2vfrA0
2vg3A0
2vgaA0
2vj4A0
2vjeB0
2vkjA0
2vklA0
2vn6B0
2vqgA0
2vqpA0
2vveA0
2vvfA0
2vvwA0
2w0gA0
2w1jA0
2w2uA0
2w5qA0
2w6kA0
2w7aA0
2w7qA0
2wb6A0
2wbmA0
2wcjA0
2wcwA0
2wdqC0
2wdqD0
2wfoA0
2wh6A0
2wh7A0
2wjnC0
2wjnM0
2wknA0
2wl8A0
2wlvA0
2wm8A0
2wnyA0
2wq4A0
2wt7B0
2wtpA0
2wu9A0
2wvfA0
2wvqA0
2wy8Q0
2wyaA0
2wzoA0
2x32A0
2x3mA0
2x3vA0
2x4kA0
2x57A0
2x5cA0
2x5hA0
2x5rA0
2x9aA0
2x9kA0
2xbgA0
2xc8A0
2xciA0
2xcjA0
2xcmC0
2xcmE0
2xdhA0
2xdqA0
2xedA0
2xetA0
2xfnA0
2xfvA0
2xgfA0
2xhgA0
2xhiA0
2xi7A0
2xi8A0
2xjpA0
2xlkA0
2xolA0
2xqqA0
2xr4A0
2xrhA0
2xt2A0
2xtcA0
2xtlA0
2xu8A0
2xveA0
2xvoA0
2xvyA0
2xwsA0
2xxnA0
2xz2A0
2xzeA0
2y1bA0
2y3vA0
2y4oA0
2y6xA0
2y8dA0
2y8nB0
2y9wA0
2yadA0
2yavA0
2ydtA0
2yevC0
2yf2A0
2yf4A0
2yfaA0
2yh5A0
2yh9A0
2yilA0
2yizA0
2yk4A0
2ymaA0
2ymvA0
2ynqA0
2yopA0
2yorA0
2yq2A0
2yqyA0
2yskA0
2yviA0
2yvsA0
2yvtA0
2ywkA0
2yxhA0
2yy3A0
2yzjA0
2yztA0
2z02A0
2z0jA0
2z0rA0
2z0tA0
2z0vA0
2z1cA0
2z1dA0
2z30B0
2z51A0
2z5eA0
2z5wA0
2z6oA0
2z72A0
2z7bA0
2z7eA0
2z7fI0
2zc2A0
2zc3A0
2zcaA0
2zd7A0
2zdjA0
2zdpA0
2zl4A0
2zopA0
2zqmA0
2zrrA0
2zvcA0
2zvyA0
2zw2A0
2zx2A0
2zyzA0
2zzrA0
3a1dA0
3a1fA0
3a1gA0
3a1jC0
3a1pB0
3a1yA0
3a2eA0
3a32A0
3a57A0
3a5yA0
3a7rA0
3a8yC0
3a9bA0
3aa0A0
3aa0B0
3abfA0
3abqB0
3acxA0
3adgA0
3adrA0
3adyA0
3aeiA0
3ag3D0
3ag3E0
3ag3F0
3ag3H0
3ag3I0
3ag3J0
3ag7A0
3agcA0
3agnA0
3aiaA0
3aitA0
3aj1A0
3ajfA0
3ajiB0
3ajvA0
3aljA0
3alrA0
3amrA0
3aonB0
3aqbA0
3aqeA0
3ax2A0
3axbA0
3axjA0
3axjB0
3b09A0
3b0bC0
3b0dB0
3b0dC0
3b1bA0
3b55A0
3b5qA0
3b7hA0
3b8fA0
3b9tA0
3b9wA0
3bamA0
3bb5A0
3bc1B0
3bchA0
3bcyA0
3bczA0
3bd1A0
3beyA0
3bf0A0
3bf4A0
3bfqG0
3bgeA0
3bguA0
3bgyA0
3bh2A0
3bh7B0
3bhpA0
3bjeA0
3bjxA0
3bm3A0
3bm7A0
3bmzA0
3bn7A0
3bo6A0
3boeA0
3bp3A0
3bpjA0
3bqwA0
3bqxA0
3bv6A0
3bvpA0
3bwsA0
3bwuD0
3by5A0
3byiA0
3bypA0
3byqA0
3c0fB0
3c19A0
3c1qA0
3c2iA0
3c3dA0
3c4rA0
3c5kA0
3c6fA0
3c8iA0
3c8lA0
3c9aA0
3c9pA0
3ca7A0
3ca8A0
3caoA0
3cb6A0
3ce9A0
3cebA0
3cedA0
3ceiA0
3cexA0
3ci0J0
3ci3A0
3cjlA0
3ck2A0
3ck6A0
3ckmA0
3clqA0
3cmbA0
3coqA0
3cpkA0
3cptA0
3cptB0
3cqxC0
3cryA0
3ct6A0
3ct8A0
3ctrA0
3cvjA0
3cvzA0
3cx5B0
3cx5F0
3cx5G0
3cx5H0
3cx5I0
3cxnA0
3d0wA0
3d19A0
3d1bA0
3d2oA0
3d2qA0
3d2wA0
3d2yA0
3d3rA0
3d3yA0
3d4eA0
3d5lA0
3d5pA0
3d6wA0
3d7aA0
3d7iA0
3d7jA0
3dahA0
3danA0
3daoA0
3db7A0
3dbyA0
3dcdA0
3dcmX0
3dd7A0
3ddeA0
3dedA0
3deeA0
3df6A0
3dffA0
3dfgA0
3dgpB0
3dhxA0
3di5A0
3djeA0
3djmA0
3dnxA0
3dsdA0
3dshA0
3dsmA0
3dsoA0
3dt5A0
3du1X0
3dwaA0
3dwoX0
3dxrA0
3dxrB0
3dyjA0
3dzaA0
3e0rA0
3e0zA0
3e1iB0
3e56A0
3e59A0
3e5zA0
3e7hA0
3e7mB0
3e8oA0
3e8tA0
3e9vA0
3eabA0
3earB0
3ed4A0
3ednA0
3edvA0
3ee4A0
3egnA0
3egwC0
3ehdA0
3ei3B0
3eipA0
3ej9A0
3ej9B0
3ejhA0
3ek6A0
3emiA0
3eoiA0
3eopA0
3epwA0
3ermA0
3etnA0
3etoA0
3eudA0
3eufA0
3eusA0
3evsC0
3evyA0
3ew1A0
3exmA0
3eziA0
3f08A0
3f1iH0
3f1iS0
3f2eA0
3f3bA0
3f42A0
3f52A0
3f5hA0
3f75P0
3f7cA0
3facA0
3favA0
3favB0
3fayA0
3fblA0
3fbzA0
3fchA0
3fcnA0
3fdeA0
3fdsC0
3fewX0
3ff5A0
3ffvA0
3fgvA0
3fh3A0
3fhfA0
3fhvA0
3fidA0
3fjuB0
3fkeA0
3fldA0
3floB0
3fm2A0
3fmbA0
3fn2A0
3fo5A0
3fo8D0
3fp5A0
3fpnA0
3fprA0
3fqmA0
3frrA0
3fuyA0
3fv6A0
3fvzA0
3fw9A0
3fx7A0
3fxdB0
3fxhA0
3fy6A0
3fybA0
3fymA0
3fzqA0
3fzxA0
3fzyA0
3g1pA0
3g20A0
3g21A0
3g36A0
3g5bA0
3g5oA0
3g5oB0
3g6sA0
3g7lA0
3g80A0
3g98A0
3g9gA0
3ga3A0
3gbwA0
3gbyA0
3gdwA0
3ge3E0
3gf6A0
3ggmA0
3ghdA0
3ghfA0
3gi7A0
3giaA0
3gkjA0
3gldA0
3gm5A0
3gmgA0
3gnaA0
3godA0
3gp4A0
3gqhA0
3gr5A0
3gt5A0
3gudA0
3gwcA0
3gwiA0
3gwkC0
3gwlA0
3gwmA0
3gwnA0
3gxhA0
3gxqA0
3gxvA0
3gygA0
3gz7A0
3h16A0
3h31A0
3h33A0
3h36A0
3h38A0
3h3iA0
3h3mA0
3h5lA0
3h6pA0
3h6pC0
3h7hB0
3h87A0
3h87C0
3h8dA0
3h8tA0
3h9xA0
3hcnA0
3hcsA0
3hf5A0
3hfiA0
3hfwA0
3hg9A0
3hglA0
3hi2B0
3hj4A0
3hj7A0
3hj9A0
3hjlA0
3hklA0
3hkvA0
3hl6A0
3hlxA0
3hlzA0
3hnwA0
3hnxA0
3hs2A0
3hshA0
3htrA0
3hugB0
3hwcA0
3hwpA0
3hwuA0
3hxaA0
3hy0A0
3hynA0
3hz7A0
3hzaA0
3i1aA0
3i24A0
3i38A0
3i41A0
3i4zA0
3i57A0
3i5qA0
3i7aA0
3i9yA0
3ib5A0
3ib7A0
3ibwA0
3ieeA0
3ieyB0
3iezA0
3if4A0
3ig9A0
3igmA0
3ihmA0
3ijmA0
3ijtA0
3ijwA0
3im3A0
3imkA0
3imoA0
3ioxA0
3ip4B0
3ip4C0
3ipfA0
3ipjA0
3irpX0
3iruA0
3isqA0
3istA0
3it5A0
3itfA0
3itwA0
3iu6A0
3iuuA0
3iuwA0
3ivpA0
3ivvA0
3ix7A0
3jr1A0
3jsbA0
3jsrA0
3jsyA0
3jtpA0
3jtyA0
3ju0A0
3ju3A0
3jv1A0
3jvoA0
3jx9A0
3jxoA0
3jygA0
3jyzA0
3jz0A0
3k11A0
3k17A0
3k1hA0
3k1sA0
3k1tA0
3k26A0
3k29A0
3k2yA0
3k3kA0
3k3sA0
3k3vA0
3k44A0
3k4oA0
3k4tA0
3k5jA0
3k63A0
3k6gA0
3k6qA0
3k6tA0
3k7dA0
3k7xA0
3k93A0
3k94A0
3ka5A0
3ka7A0
3kbyA0
3kcpA0
3kdwA0
3kfoA0
3kg0A0
3kh5A0
3kk4A0
3kkfA0
3kl7A0
3klqA0
3klyA0
3kmaA0
3kmiA0
3korA0
3kp1E0
3kptA0
3kr3D0
3ks7A0
3kt9A0
3kupA0
3kusA0
3kw6A0
3kwpA0
3kwrA0
3kxrA0
3kxtA0
3kyeA0
3kyqA0
3kzpA0
3l0aA0
3l1eA0
3l1nA0
3l20A0
3l2bA0
3l39A0
3l41A0
3l46A0
3l48A0
3l4hA0
3l4qC0
3l6iA0
3l7hA0
3l7tA0
3l8qA0
3l8wA0
3l9aX0
3laeA0
3lazA0
3lczA0
3ld1A0
3ld7A0
3ldqB0
3le2A0
3le4A0
3letA0
3lfjA0
3lhcA0
3lhkA0
3lhoA0
3lhrA0
3lkvA0
3lmfA0
3lnlA0
3lnoA0
3lo3A0
3lphA0
3lqkA0
3lqnA0
3lqvA0
3lrqA0
3lrtA0
3lvkB0
3lvyA0
3lwtX0
3lx3A0
3lxrF0
3lydA0
3lyhA0
3lywA0
3lzdA0
3lzkA0
3m03A0
3m21A0
3m66A0
3m7aA0
3m92A0
3m9lA0
3m9qA0
3mayA0
3mbhA0
3mc3A0
3mc8A0
3mcbA0
3mcbB0
3mcsA0
3md7A0
3me0B0
3me4A0
3mf7A0
3mfbA0
3mfnA0
3mhsB0
3mhsC0
3mjfA0
3mlnA0
3mqzA0
3mshA0
3mtqA0
3mtsA0
3mtuA0
3mudA0
3mvaO0
3mw6A0
3mwdA0
3mwqA0
3mx7A0
3mxaA0
3my2A0
3mzoA0
3n1eA0
3n3fA0
3n3yA0
3n4iB0
3n5bB0
3n79A0
3n7sC0
3n8bA0
3n90A0
3n9uC0
3n9yA0
3na2A0
3napA0
3nceA0
3nctA0
3ndqA0
3ndzE0
3nf5A0
3nfgA0
3nfgB0
3nfqA0
3ni8A0
3nisA0
3nj2A0
3njcA0
3nkzA0
3nmdA0
3nnbA0
3no2A0
3no4A0
3no6A0
3no7A0
3npdA0
3nppA0
3nr1A0
3nreA0
3nrlA0
3nrwA0
3ns6A0
3nt8A0
3nufA0
3nvnB0
3nvwB0
3nx6A0
3nyiA0
3nymA0
3nyyA0
3nz3A0
3nzlA0
3nzmA0
3nzzA0
3o0gD0
3o10A0
3o2eA0
3o2iA0
3o2uA0
3o3mA0
3o3mB0
3o3xA0
3o4pA0
3o59X0
3o5tA0
3o6qA0
3o6uA0
3o72A0
3o7bA0
3obqA0
3ocuA0
3od8A0
3odpA0
3oeiC0
3of7A0
3ofgA0
3ohgA0
3oi8A0
3ok8A0
3ol3A0
3olcX0
3omdA0
3omtA0
3omyA0
3on1A0
3on9A0
3onhA0
3onjA0
3onqA0
3onrA0
3ooqA0
3opcA0
3oq2A0
3oq4A0
3oruA0
3os7A0
3oseA0
3osjA0
3ostA0
3ot2A0
3otgA0
3oueA0
3oufA0
3ouvA0
3ov5A0
3oy2A0
3oyvA0
3oziA0
3p04A0
3p06A0
3p0kA0
3p1xA0
3p2cA0
3p3gA0
3p42A0
3p4gA0
3p51A0
3p8cF0
3p96A0
3p9vA0
3pa6A0
3pa8A0
3pc6A0
3pc7A0
3pcvA0
3pd7A0
3pdyA0
3pesA0
3pf0A0
3pf2A0
3pf6A0
3pf7A0
3pg6A0
3pivA0
3pkvA0
3pkzA0
3pm2A0
3pm7A0
3pm9A0
3pmrA0
3pmsA0
3pn9A0
3pnlB0
3pnxA0
3po8A0
3pqhA0
3pu9A0
3pvhA0
3pviA0
3pvtA0
3pwxA0
3pyfA0
3pywA0
3q39A0
3q4oA0
3q63A0
3q64A0
3q6bA0
3q6kA0
3q9dA0
3qaoA0
3qauA0
3qbgA0
3qc7A0
3qd7X0
3qfmA0
3qhpA0
3qjgA0
3qorA0
3qoyA0
3qqmA0
3qqzA0
3qr7A0
3qs2A0
3qszA0
3qthA0
3qwgA0
3qwlA0
3qxlA0
3qy2A0
3qyeA0
3r0rA0
3r15A0
3r27A0
3r3pA0
3r3qA0
3r4qA0
3r6aA0
3r6qA0
3r84A0
3rbyA0
3retA0
3rf1A0
3rf2A0
3rf3A0
3rfiA0
3rgoA0
3rhzA0
3rioA0
3rj2X0
3rkcA0
3rkgA0
3rklA0
3rlfG0
3rlkA0
3rmiA0
3rmqA0
3rnmE0
3rojA0
3ronA0
3rpcA0
3rpfA0
3rq4A0
3rq9A0
3rriA0
3rt3C0
3rt9A0
3ruiA0
3rvcA0
3rwnA0
3rwxA0
3rx6A0
3rxyA0
3ry0A0
3s0aA0
3s0yA0
3s4oA0
3s64A0
3s6eA0
3s7rA0
3s84A0
3s8sA0
3s99A0
3s9jA0
3s9xA0
3salA0
3sc0A0
3scyA0
3sd4A0
3sfvB0
3shgB0
3shoA0
3sj5A0
3sjlD0
3sk2A0
3skqA0
3sltA0
3sm4A0
3smzA0
3sngA0
3sojA0
3sokA0
3sovA0
3sqgC0
3sscA0
3st1A0
3sukA0
3sumA0
3sxuA0
3sxuB0
3sy6A0
3szyA0
3t2cA0
3t33A0
3t3lA0
3t47A0
3t4rA0
3t6aA0
3t6gB0
3t6pA0
3t7aA0
3t7dA0
3t7zA0
3t8kA0
3tbmA0
3tbnA0
3tdwA0
3tegA0
3tekA0
3teqA0
3tfgA0
3tfzA0
3thgA0
3tj8A0
3tl4X0
3tl8B0
3tlqA0
3tm8A0
3towA0
3tq6A0
3tqmA0
3tquA0
3tr3A0
3trtA0
3tu3A0
3tu8A0
3tufA0
3tufB0
3tvqA0
3txsA0
3ty1A0
3ty6A0
3tysA0
3u0cA0
3u0oA0
3u1wA0
3u27A0
3u2bC0
3u2gA0
3u3zA0
3u43A0
3u52C0
3u5vA0
3u7qA0
3u97A0
3uafA0
3ub6A0
3ubmA0
3ucgA0
3ucsA0
3uebA0
3uejA0
3uenA0
3uepA0
3ufcX0
3ufeA0
3ufiA0
3ugoA0
3uidA0
3uipD0
3uitA0
3uk3C0
3ulhA0
3ultA0
3uo3A0
3uq8A0
3uqcA0
3utkA0
3uunA0
3uv0A0
3uxjA0
3v0rA0
3v33A0
3v4kA0
3v5wG0
3v68A0
3v69A0
3v6iB0
3v7bA0
3v9rA0
3va4A0
3va9A0
3vajA0
3vasA0
3vbcA0
3vbhA0
3vbhC0
3vbhD0
3vbjA0
3vc8A0
3vdjA0
3vdoB0
3veaA0
3vg8A0
3vgzA0
3vh5A0
3vhjA0
3vivA0
3vjfA0
3vk0A0
3vk6A0
3vk8A0
3vl1A0
3vorA0
3vpbA0
3vpyA0
3vqjA0
3vr0A0
3vrdB0
3vsjB0
3vtoA0
3vy8X0
3vygB0
3vygC0
3vyxA0
3vz9B0
3vz9D0
3w0eA0
3w0oA0
3w0tA0
3w1oA0
3w1zA0
3w36A0
3w42A0
3w4sA0
3w54A0
3w61A0
3w8hB0
3wasA0
3wb0A0
3wcaA0
3wdgB0
3wfdB0
3whrA0
3wisA0
3wjtA0
3wkgA0
3wmqA0
3wnzA0
3wo6A0
3woeB0
3wqbB0
3wrbA0
3wscA0
3wu2A0
3wu2E0
3wu2H0
3wu2Z0
3wurA0
3wv7A0
3wvaA0
3wvqA0
3ww9A0
3wwtB0
3wx4A0
3x0uA0
3x2mA0
3x37A0
3x37B0
3x38A0
3zbdA0
3zbgA0
3zdkA0
3zdmA0
3ze3A0
3zfiA0
3zfpA0
3zghA0
3zhiA0
3zieA0
3zigA0
3zihA0
3zjaA0
3zk9A0
3zleA0
3zn4A0
3znuA0
3zpnA0
3zqoA0
3zqsA0
3zr8X0
3zrgA0
3zrxA0
3zsuA0
3zuxA0
3zvkA0
3zvkE0
3zw5A0
3zzhA0
3zzlA0
3zzoA0
3zzyA0
4a0eA0
4a0tA0
4a1kA0
4a1rA0
4a8xA0
4a94C0
4a9zC0
4abmA0
4ac7B0
4acfA0
4acjA0
4adnA0
4ae4A0
4afhA0
4aghA0
4ajyV0
4al0A0
4alyA0
4alzA0
4amuA0
4annA0
4anoA0
4ap4A0
4aqrD0
4as2A0
4ascA0
4at7A0
4athA0
4avmA0
4axiA0
4ay9A0
4ay9B0
4ayaA0
4aycA0
4b6dA0
4b6iA0
4b6xA0
4b8rA0
4b8vA0
4b9gA0
4b9pA0
4baxA0
4bboA0
4bdxA0
4bemJ0
4bfcA0
4bh5A0
4bhqA0
4bjjA0
4bjqA0
4bjtA0
4bjwB0
4bjzA0
4bk0A0
4bkhA0
4bkmA0
4bndA0
4bsxA0
4bt7A0
4bvqA0
4bwcA0
4byzA0
4c0zA0
4c12A0
4c1sA0
4c47A0
4c69X0
4c6sA0
4c7aA0
4c9rB0
4c9sA0
4cahB0
4cbkA0
4ccgX0
4ccsA0
4cdbA0
4cgsA0
4cguB0
4chdA0
4chgA0
4chhA0
4ciiA0
4cijA0
4clqA0
4cmlA0
4cndA0
4cnkA0
4cq4A0
4cqiA0
4cs4A0
4cs6A0
4csbA0
4ct0B0
4cu5A0
4czxA0
4d40A0
4d53A0
4d5bA0
4d5tA0
4d79A0
4dh2B0
4dhxB0
4didB0
4djbA0
4dk2A0
4dkcA0
4dlhA0
4dm5A0
4dn7A0
4dn9A0
4dnnA0
4dnyA0
4doiA0
4dooA0
4doyA0
4driB0
4dt5A0
4dthA0
4dveA0
4dwrA0
4dyqA0
4e0gA0
4e1pA0
4e1tA0
4e2uA0
4e4tA0
4e4wA0
4e6fA0
4e6kG0
4e8bA0
4ebgA0
4ebjA0
4ebyA0
4ecgA0
4eg2A0
4egwA0
4ehsA0
4ei0A0
4ei7A0
4ejrA0
4elnA0
4eneA0
4eo0A0
4eo1A0
4eqaC0
4eqqA0
4errA0
4es6A0
4esnA0
4espA0
4esqA0
4esuA0
4etrA0
4ev1A0
4ew5A0
4exoA0
4extA0
4eytA0
4ezcA0
4ezfA0
4f0hB0
4f0qA0
4f0zA0
4f1hA0
4f2lA0
4f3jA0
4f42A0
4f54A0
4f55A0
4f6uB0
4f7gB0
4f87A0
4f8lA0
4f98A0
4fa8E0
4fakA0
4fayA0
4fbcA0
4fc5A0
4fc9A0
4fdxA0
4feiA0
4fh0A0
4fioA0
4fkzA0
4fm3A0
4fmlA0
4fp5D0
4fprA0
4fpwA0
4fqgA0
4fqnA0
4ftdA0
4ftfA0
4ftxA0
4fvgA0
4fxiA0
4fypA0
4fyyB0
4fz2A0
4fz4A0
4fzpA0
4g08A0
4g0aA0
4g0xA0
4g2aA0
4g2sA0
4g3oA0
4g4kA0
4g6dB0
4g6tA0
4g6uA0
4g6xA0
4g75A0
4g7nA0
4g7vS0
4g7xA0
4g7xB0
4g92C0
4g9qA0
4ga6A0
4gc1A0
4gdzA0
4gehA0
4ghjA0
4ghuA0
4gi3C0
4gimA0
4gipA0
4gipD0
4gizC0
4gk9A0
4gmqA0
4gofA0
4goqA0
4gpaA0
4gqmA0
4gquA0
4gr2A0
4gxtA0
4gytA0
4gzrA0
4h05A0
4h1bA0
4h2wA0
4h3wA0
4h4nA0
4h5bA0
4h5iA0
4h6cA0
4h7wA0
4h9nC0
4haeA0
4hbeA0
4hc5A0
4hc9A0
4hd1A0
4hd4A0
4hddA0
4hdjA0
4he7A0
4heoA0
4hfiA0
4hfvA0
4hhuA0
4hhxA0
4hi0B0
4hi6A0
4hi8B0
4hl4A0
4hl9A0
4hlbA0
4hlsA0
4hn7A0
4hp3C0
4hpmA0
4hquA0
4hr1A0
4hrzA0
4hsqA0
4hstA0
4htiA0
4hwmA0
4hwxA0
4i0xA0
4i0xB0
4i16A0
4i1kA0
4i3mA0
4i4m60
4i68A0
4i6oA0
4i9oA0
4i9xC0
4iabA0
4iajA0
4ic4A0
4ic9A0
4id2A0
4id3A0
4igvA0
4ikvA0
4il7A0
4im9A0
4inoA0
4iohA0
4ip8A0
4ipuA0
4iqnA0
4iu3A0
4iwbA0
4ix9A0
4iz7B0
4j2cA0
4j2nA0
4j42A0
4j4yA0
4j6oA0
4j7oA0
4jb3A0
4jbuA0
4jdeA0
4jdoA0
4jdxA0
4je3A0
4je3B0
4jehB0
4jemA0
4jf3A0
4jg4A0
4jg9A0
4jglA0
4jhgA0
4jhyA0
4jivD0
4jj9A0
4jleA0
4jm1A0
4jn3A0
4jnhA0
4jonA0
4joxA0
4jp6A0
4jpdA0
4jphA0
4jpkA0
4jqpA0
4jquB0
4js1A0
4jtmA0
4jwjA0
4jxeA0
4jz8A0
4k0dA0
4k12B0
4k2jA0
4k5aA0
4k6lG0
4k6nA0
4k70A0
4k7bA0
4k82A0
4k84A0
4k8wA0
4ke2A0
4kieA0
4kk7A0
4km6A0
4knkA0
4koqA0
4kp3C0
4kppA0
4kq7A0
4kqiA0
4krdB0
4krwA0
4ksnA0
4kt3B0
4kt6A0
4kt6B0
4ku0A0
4ku0D0
4kwdA0
4kwyA0
4kypA0
4l0nA0
4l1jA0
4l3nA0
4l3uA0
4l54A0
4l57A0
4l5cA0
4l63B0
4l7iA0
4l9hA0
4l9pB0
4ladB0
4lbhA0
4ld1A0
4levA0
4lflB0
4lg3A0
4lgtA0
4lhpA0
4lirA0
4lj0A0
4ljoA0
4ljrA0
4lkbA0
4ll7A0
4lm6A0
4lmoA0
4lmsA0
4lorA0
4loxA0
4lpqA0
4lqbA0
4lqeA0
4lqkB0
4lqxA0
4lqzA0
4lrvA0
4lttA0
4ltyA0
4lu2A0
4luqC0
4lurA0
4lvnP0
4lw4C0
4lwsA0
4lwsB0
4lxrJ0
4m0nA0
4m0qA0
4m16A0
4m1pA0
4m1uB0
4m1xA0
4m5bA0
4m5rA0
4m6bA0
4m6rA0
4m8aA0
4makA0
4mb7A0
4mduA0
4me8A0
4mejA0
4mesA0
4mf9A0
4mi8A0
4mj7A0
4ml7B0
4mlmA0
4mo0A0
4mo1A0
4mo9A0
4mqdA0
4mt2A0
4mt4A0
4mt8A0
4mtmA0
4mu6A0
4muqA0
4mveA0
4mxpA0
4mymA0
4mzaA0
4mzvA0
4n03A0
4n04A0
4n06A0
4n0tA0
4n1lA0
4n2pA0
4n6cA0
4n72A0
4n77A0
4n7bA0
4n8nA0
4n8x10
4narA0
4nbiA0
4nbpA0
4ndoB0
4ndsA0
4ng0A0
4ng2E0
4njcA0
4njlA0
4nmxA0
4noaA0
4nohA0
4nomA0
4nooB0
4npfX0
4npxA0
4nt1A0
4ntqA0
4ntqB0
4nu3A0
4nv0A0
4nyhA0
4nzrM0
4nzvA0
4o1rA0
4o2hA0
4o30A0
4o66A0
4o6dA0
4o6uA0
4o6yA0
4o7jA0
4o7kA0
4o7qA0
4o87A0
4o89A0
4o8bA0
4o8sA0
4o8wA0
4o8yB0
4o9lA0
4oa3A0
4obmA0
4ocvA0
4od6A0
4odjA0
4oe9A0
4oebA0
4ofaA0
4ognA0
4ohcA0
4oi3A0
4okzA0
4om7A0
4omfA0
4omfB0
4omgA0
4oo0A0
4oogA0
4oogC0
4opcA0
4oq2A0
4oq9A0
4osnA0
4otnA0
4ou6A0
4ou9A0
4ovyA0
4p09A0
4p0zA0
4p1mA0
4p1zA0
4p3aA0
4p3hA0
4p3xA0
4p5iA0
4p6qA0
4p78A0
4p78C0
4p82A0
4pawA0
4pdcE0
4pedA0
4peiA0
4pevA0
4pgrA0
4ph8A0
4phqA0
4phrA0
4phzB0
4phzC0
4pk9A0
4pkfB0
4pp4A0
4pqzA0
4ps2A0
4ps6A0
4psfA0
4psnA0
4pt1A0
4pu5A0
4pu7A0
4pugA0
4puxA0
4pvaA0
4pwqA0
4pwsA0
4px8A0
4py6A0
4pz1A0
4q14A0
4q2uA0
4q4w20
4q5eA0
4q6vA0
4q7gA0
4q7oA0
4q98A0
4q9vA0
4qa8A0
4qasA0
4qb0A0
4qbnA0
4qboA0
4qcjA0
4qdgA0
4qftA0
4qgpA0
4qheA0
4qhuC0
4qicB0
4qjvB0
4qlpA0
4qlpB0
4qmdA0
4qn8A0
4qndA0
4qplA0
4qpoA0
4qptA0
4qq0A0
4qr9A0
4qs4A0
4qt9A0
4qtcA0
4qtjA0
4qtqA0
4qu6A0
4qu7A0
4qxbB0
4qxdA0
4qy7A0
4qysA0
4r0sA0
4r1dB0
4r24B0
4r2yA0
4r78A0
4r7eA0
4r7kA0
4r9iA0
4r9pA0
4rb5C0
4rb5E0
4rb5J0
4rb5N0
4rb5O0
4rb5P0
4rb5T0
4rb610
4rb620
4rb640
4rb680
4rb6G0
4rb6H0
4rb6I0
4rb6U0
4rb6V0
4rb6X0
4rc8A0
4rcjA0
4rctA0
4repA0
4rfuA0
4rgdA0
4rgpA0
4rgwB0
4rhoA0
4rhwE0
4ri2A0
4rjwA0
4rkiA0
4rksA0
4rleA0
4rocA0
4rohA0
4rp3A0
4rp9A0
4rpfA0
4rplB0
4rpmA0
4rptA0
4rrqA0
4rs7B0
4rsxA0
4rt5A0
4ru0A0
4ruqA0
4rxuA0
4ryoA0
4rz9A0
4rzlA0
4rzyA0
4s12A0
4torA0
4tpsA0
4tpwA0
4tqjA0
4tr6A0
4tshA0
4tshB0
4tt9A0
4tx5A0
4u12A0
4u4pA0
4u5hA0
4u5rA0
4u5wA0
4u60A0
4u65A0
4u7aA0
4u7iA0
4u7yA0
4u89A0
4u8fA0
4u98A0
4u9bA0
4u9nA0
4uafE0
4uc1A0
4uc8A0
4uexA0
4uf1A0
4ui1C0
4us3A0
4uskA0
4uuwA0
4uw9A0
4ux5A0
4uxeA0
4uypB0
4uz3A0
4uzzA0
4uzzB0
4v0bA0
4v2oA0
4v3lC0
4w4kA0
4w4kB0
4w5xA0
4w8pA0
4waiA0
4watA0
4wbeA0
4wcwA0
4wd8A0
4wdcA0
4wfcB0
4wftA0
4wfwA0
4wh5A0
4whiA0
4wj1A0
4wjtA0
4wkzA0
4wkzB0
4wl2A0
4wlrB0
4wmyA0
4woyA0
4wpmA0
4wpyA0
4wqkA0
4wv4B0
4wveA0
4wwfA0
4wx0A0
4wxaA0
4wxaD0
4wxsA0
4wy4A0
4wyhA0
4wz0A0
4wziA0
4wzxA0
4x0jA0
4x1cA0
4x1zA0
4x2cA0
4x33A0
4x5mA0
4x5pA0
4x86A0
4x86B0
4x8eA0
4x9mA0
4x9rA0
4xa7A0
4xalA0
4xaqA0
4xb6A0
4xb6B0
4xb6C0
4xb6D0
4xbaA0
4xcpA0
4xfkA0
4xhtA0
4xinA0
4xj6A0
4xlzA0
4xo1A0
4xpmB0
4xpzA0
4xqmA0
4xrtA0
4xu4A0
4xvvA0
4xwjA0
4xzfA0
4yaaA0
4ygtA0
4yh8A0
4yhcA0
4yhvA0
4yl9A0
4ymuC0
4yn9A0
4ynhA0
4yorA0
4ysxC0
4ysxD0
4ytbA0
4ytwA0
4ytwB0
4yudA0
4yx7A0
4yxcB0
4yzgA0
4yzuB0
4z04A0
4z48A0
4z6mA0
4z80A0
4z8nA0
4z8tB0
4zavA0
4zboA0
4zbwA0
4zc3A0
4zdsA0
4zevA0
4zeyA0
4zgmA0
4zhbA0
4zheA0
4zi2C0
4zjnA0
4zkqA0
4zmiA0
4zmkA0
4znmA0
4zosA0
4zoxA0
4zp0A0
4zquB0
4zqxA0
4zsfA0
4zv0B0
4zvcA0
4zw9A0
5a0nA0
5a10A0
5a12A0
5a3dA0
5a41A0
5a61A0
5a6wC0
5a7zA0
5a8uA0
5a9aA0
5a9dA0
5a9pA0
5ae0A0
5ag3A0
5aj8A0
5ajeA0
5ajjA0
5ajtA0
5amhA0
5an6A0
5aoxA0
5aq5A0
5awvA0
5bmqA0
5bpzA0
5bq8A0
5bq9A0
5budA0
5bxgA0
5by1A0
5by4A0
5by8A0
5by8B0
5c2iA0
5c2uA0
5c39A0
5c4yA0
5c50A0
5c50B0
5c74A0
5c8gA0
5c8qB0
5cegA0
5cegB0
5cetA0
5cffE0
5cflA0
5cj1A0
5cj3A0
5cosA0
5cozA0
5cqfA0
5cs0A0
5cs2A0
5cukA0
5cw4A0
5cyjA0
5cz3A0
5czyA0
5d16A0
5d70A0
5d9bA0
5dikA0
5dinA0
5djoA0
5dmpA0
5dmuA0
5dncA0
5do6A0
5dpoA0
5e3eA0
5e3eB0
5e3iA0
5ed9A0
5el3A0
5elhA0
5elkA0
5eqzA0
5f4cA0
5fd9A0
5fjzA0
5fmmA0
5h8aA0
5h9cA0
9wgaA0
